<?xml version="1.0" encoding="UTF-8"?>
<robot generator="Robot 3.2.2 (Python 3.6.9 on linux)" generated="20210621 09:54:02.492" rpa="false">
<suite id="s1" name="Pesquisa" source="/home/alex/Área de Trabalho/Pasta/Robot framework/Testes/Desafio funpec/Tests/Pesquisa.robot">
<test id="s1-t1" name="Pesquisa sobre Robot framework">
<kw name="Abrir navegador" library="hooks" type="setup">
<kw name="Open Browser" library="SeleniumLibrary">
<doc>Opens a new browser instance to the optional ``url``.</doc>
<arguments>
<arg>about:blank</arg>
<arg>${BROWSER}</arg>
</arguments>
<msg timestamp="20210621 09:54:02.767" level="INFO">Opening browser 'firefox' to base url 'about:blank'.</msg>
<msg timestamp="20210621 09:54:02.768" level="INFO">Firefox driver log is always forced to to: /home/alex/Área de Trabalho/Pasta/Robot framework/Testes/Desafio funpec/Logs/geckodriver-1.log</msg>
<status status="PASS" starttime="20210621 09:54:02.767" endtime="20210621 09:54:07.661"></status>
</kw>
<kw name="Maximize Browser Window" library="SeleniumLibrary">
<doc>Maximizes current browser window.</doc>
<status status="PASS" starttime="20210621 09:54:07.661" endtime="20210621 09:54:07.692"></status>
</kw>
<kw name="Set Selenium Speed" library="SeleniumLibrary">
<doc>Sets the delay that is waited after each Selenium command.</doc>
<arguments>
<arg>${DELAY}</arg>
</arguments>
<status status="PASS" starttime="20210621 09:54:07.692" endtime="20210621 09:54:07.693"></status>
</kw>
<status status="PASS" starttime="20210621 09:54:02.766" endtime="20210621 09:54:07.693"></status>
</kw>
<kw name="Acessar Google" library="hooks">
<kw name="Go To" library="SeleniumLibrary">
<doc>Navigates the current browser window to the provided ``url``.</doc>
<arguments>
<arg>${URL}</arg>
</arguments>
<msg timestamp="20210621 09:54:07.695" level="INFO">Opening url 'https://www.google.com.br/'</msg>
<status status="PASS" starttime="20210621 09:54:07.694" endtime="20210621 09:54:14.923"></status>
</kw>
<status status="PASS" starttime="20210621 09:54:07.694" endtime="20210621 09:54:14.924"></status>
</kw>
<kw name="E realizar uma busca pelas palavras-chave “robot framework”" library="PesquisaRobot">
<kw name="E preencher o &quot;${CAMPO}&quot; com &quot;${BUSCA}&quot;" library="PesquisaRobot">
<kw name="Input Text" library="SeleniumLibrary">
<doc>Types the given ``text`` into the text field identified by ``locator``.</doc>
<arguments>
<arg>${CAMPO}</arg>
<arg>${VALOR}</arg>
</arguments>
<msg timestamp="20210621 09:54:14.927" level="INFO">Typing text 'robot framework' into text field 'name = q'.</msg>
<status status="PASS" starttime="20210621 09:54:14.926" endtime="20210621 09:54:18.147"></status>
</kw>
<status status="PASS" starttime="20210621 09:54:14.925" endtime="20210621 09:54:18.148"></status>
</kw>
<kw name="E clicar no botao" library="PesquisaRobot">
<kw name="Wait Until Page Contains Element" library="SeleniumLibrary">
<doc>Waits until the element ``locator`` appears on the current page.</doc>
<arguments>
<arg>${BOTAO}</arg>
<arg>timeout=2</arg>
</arguments>
<status status="PASS" starttime="20210621 09:54:18.150" endtime="20210621 09:54:19.171"></status>
</kw>
<kw name="Click Button" library="SeleniumLibrary">
<doc>Clicks the button identified by ``locator``.</doc>
<arguments>
<arg>${BOTAO}</arg>
</arguments>
<msg timestamp="20210621 09:54:19.172" level="INFO">Clicking button 'name = btnK'.</msg>
<status status="PASS" starttime="20210621 09:54:19.171" endtime="20210621 09:54:26.598"></status>
</kw>
<status status="PASS" starttime="20210621 09:54:18.148" endtime="20210621 09:54:26.599"></status>
</kw>
<status status="PASS" starttime="20210621 09:54:14.924" endtime="20210621 09:54:26.599"></status>
</kw>
<kw name="E checar se a busca retornou resultados" library="PesquisaRobot">
<kw name="Wait For Condition" library="SeleniumLibrary">
<doc>Waits until ``condition`` is true or ``timeout`` expires.</doc>
<arguments>
<arg>return document.getElementsByClassName("yuRUbf").length &gt; 0</arg>
<arg>timeout=10</arg>
</arguments>
<status status="PASS" starttime="20210621 09:54:26.601" endtime="20210621 09:54:27.619"></status>
</kw>
<status status="PASS" starttime="20210621 09:54:26.600" endtime="20210621 09:54:27.620"></status>
</kw>
<kw name="E acessar o terceiro resultado" library="PesquisaRobot">
<kw name="Click Element" library="SeleniumLibrary">
<doc>Click the element identified by ``locator``.</doc>
<arguments>
<arg>${RESULTADO}</arg>
</arguments>
<msg timestamp="20210621 09:54:27.623" level="INFO">Clicking element 'xpath = (//div[@class='yuRUbf'])[3]/a'.</msg>
<status status="PASS" starttime="20210621 09:54:27.622" endtime="20210621 09:54:42.062"></status>
</kw>
<status status="PASS" starttime="20210621 09:54:27.621" endtime="20210621 09:54:42.063"></status>
</kw>
<kw name="Então verifico se é a página esperada" library="PesquisaRobot">
<kw name="Wait Until Element Is Visible" library="SeleniumLibrary">
<doc>Waits until the element ``locator`` is visible.</doc>
<arguments>
<arg>${PAGINA}</arg>
<arg>timeout=20</arg>
</arguments>
<status status="PASS" starttime="20210621 09:54:42.065" endtime="20210621 09:54:44.150"></status>
</kw>
<kw name="Page Should Contain Element" library="SeleniumLibrary">
<doc>Verifies that element ``locator`` is found on the current page.</doc>
<arguments>
<arg>${PAGINA}</arg>
</arguments>
<msg timestamp="20210621 09:54:45.169" level="INFO">Current page contains element 'xpath = //div[@class='title-post2']/h1'.</msg>
<status status="PASS" starttime="20210621 09:54:44.150" endtime="20210621 09:54:45.170"></status>
</kw>
<status status="PASS" starttime="20210621 09:54:42.064" endtime="20210621 09:54:45.171"></status>
</kw>
<kw name="Devo ver o texto &quot;O que é a ferramenta Robot Framework e como ela funciona?&quot;" library="PesquisaRobot">
<kw name="Wait For Condition" library="SeleniumLibrary">
<doc>Waits until ``condition`` is true or ``timeout`` expires.</doc>
<arguments>
<arg>return document.evaluate("//div[@class='title-post2']/h1", document, null, XPathResult.ANY_TYPE, null).iterateNext().textContent == "${MENSAGEM}"</arg>
<arg>timeout=20</arg>
</arguments>
<status status="PASS" starttime="20210621 09:54:45.173" endtime="20210621 09:54:46.201"></status>
</kw>
<status status="PASS" starttime="20210621 09:54:45.171" endtime="20210621 09:54:46.202"></status>
</kw>
<kw name="Fechar o navegador" library="hooks" type="teardown">
<kw name="Capture Page Screenshot" library="SeleniumLibrary">
<doc>Takes a screenshot of the current page and embeds it into a log file.</doc>
<msg timestamp="20210621 09:54:47.317" level="INFO" html="yes">&lt;/td&gt;&lt;/tr&gt;&lt;tr&gt;&lt;td colspan="3"&gt;&lt;a href="selenium-screenshot-1.png"&gt;&lt;img src="selenium-screenshot-1.png" width="800px"&gt;&lt;/a&gt;</msg>
<status status="PASS" starttime="20210621 09:54:46.205" endtime="20210621 09:54:47.317"></status>
</kw>
<kw name="Close Browser" library="SeleniumLibrary">
<doc>Closes the current browser.</doc>
<status status="PASS" starttime="20210621 09:54:47.318" endtime="20210621 09:54:49.622"></status>
</kw>
<status status="PASS" starttime="20210621 09:54:46.204" endtime="20210621 09:54:49.623"></status>
</kw>
<status status="PASS" starttime="20210621 09:54:02.764" endtime="20210621 09:54:49.623" critical="yes"></status>
</test>
<status status="PASS" starttime="20210621 09:54:02.494" endtime="20210621 09:54:49.629"></status>
</suite>
<statistics>
<total>
<stat pass="1" fail="0">Critical Tests</stat>
<stat pass="1" fail="0">All Tests</stat>
</total>
<tag>
</tag>
<suite>
<stat pass="1" fail="0" id="s1" name="Pesquisa">Pesquisa</stat>
</suite>
</statistics>
<errors>
</errors>
</robot>
